#
# A fatal error has been detected by the Java Runtime Environment:
#
#  EXCEPTION_ACCESS_VIOLATION (0xc0000005) at pc=0x000001e59e6b1066, pid=20776, tid=0x00000000000055a4
#
# JRE version: OpenJDK Runtime Environment (8.0_345-b01) (build 1.8.0_345-b01)
# Java VM: OpenJDK 64-Bit Server VM (25.345-b01 mixed mode windows-amd64 compressed oops)
# Problematic frame:
# C  [OpenAL64.dll+0x11066]
#
# Failed to write core dump. Minidumps are not enabled by default on client versions of Windows
#
# If you would like to submit a bug report, please visit:
#   https://github.com/adoptium/adoptium-support/issues
# The crash happened outside the Java Virtual Machine in native code.
# See problematic frame for where to report the bug.
#

---------------  T H R E A D  ---------------

Current thread (0x000001e583e88000):  JavaThread "main" [_thread_in_native, id=21924, stack(0x0000002d68200000,0x0000002d68300000)]

siginfo: ExceptionCode=0xc0000005, reading address 0x000001e5a4a77004

Registers:
RAX=0x0000000000000004, RBX=0x000001e5a7480090, RCX=0x000001e5a4a77008, RDX=0x000001e5a4a77004
RSP=0x0000002d682fba30, RBP=0x00000000000000ff, RSI=0x000001e5a4a6eedc, RDI=0x0000000000000000
R8 =0x000000000000204a, R9 =0x000001e5a4a6eedc, R10=0x000001e585a79622, R11=0x000000006ba857b0
R12=0x0000000000000001, R13=0x000001e5a6fa9238, R14=0x0000002d682fbbd0, R15=0x000001e583e88000
RIP=0x000001e59e6b1066, EFLAGS=0x0000000000010202

Top of Stack: (sp=0x0000002d682fba30)
0x0000002d682fba30:   0000000000000000 0000000000000000
0x0000002d682fba40:   0000000000000000 000001e583e88000
0x0000002d682fba50:   0000002d682fbbd0 0000000000000000
0x0000002d682fba60:   000001e583e88000 000001e583e876a0
0x0000002d682fba70:   000001e5a6fa9238 000001e5a6fa9238
0x0000002d682fba80:   000001e583e465a0 000000006b91bda5
0x0000002d682fba90:   0000002d682fc370 000001e583e464e0
0x0000002d682fbaa0:   000001e583e88000 0000002d682fbbd0
0x0000002d682fbab0:   000001e5a6fa9238 0000000000000000
0x0000002d682fbac0:   000001e5a4a6eedc 0000000000000248
0x0000002d682fbad0:   0000002d682fbb98 000001e59e6b248f
0x0000002d682fbae0:   000001e5a7480090 000001e5a7480090
0x0000002d682fbaf0:   000000000000ac44 000001e500000004
0x0000002d682fbb00:   000001e585a67bd0 000001e585a7964e
0x0000002d682fbb10:   000001e5a6fa9238 0000002d682fbb18
0x0000002d682fbb20:   000001e585a67bd0 000001e585a7935b 

Instructions: (pc=0x000001e59e6b1066)
0x000001e59e6b1046:   41 2b ec 81 3a 03 00 02 00 75 09 8b 01 89 84 24
0x000001e59e6b1056:   c8 00 00 00 49 83 c0 02 48 83 c1 08 4a 8d 14 86
0x000001e59e6b1066:   39 3a 75 af 4c 8d 84 24 c0 00 00 00 48 8d 15 d7
0x000001e59e6b1076:   2b 03 00 33 c9 e8 58 5f 00 00 b8 40 1f 00 00 4c 


Register to memory mapping:

RAX=0x0000000000000004 is an unknown value
RBX=0x000001e5a7480090 is an unknown value
RCX=0x000001e5a4a77008 is an unknown value
RDX=0x000001e5a4a77004 is an unknown value
RSP=0x0000002d682fba30 is pointing into the stack for thread: 0x000001e583e88000
RBP=0x00000000000000ff is an unknown value
RSI=0x000001e5a4a6eedc is an unknown value
RDI=0x0000000000000000 is an unknown value
R8 =0x000000000000204a is an unknown value
R9 =0x000001e5a4a6eedc is an unknown value
R10=0x000001e585a79622 is at code_begin+962 in an Interpreter codelet
method entry point (kind = native)  [0x000001e585a79260, 0x000001e585a79d00]  2720 bytes
R11=0x000000006ba857b0 is an unknown value
R12=0x0000000000000001 is an unknown value
R13={method} {0x000001e5a6fa9240} 'nalcCreateContext' '(JJ)J' in 'org/lwjgl/openal/ALC10'
R14=0x0000002d682fbbd0 is pointing into the stack for thread: 0x000001e583e88000
R15=0x000001e583e88000 is a thread


Stack: [0x0000002d68200000,0x0000002d68300000],  sp=0x0000002d682fba30,  free space=1006k
Native frames: (J=compiled Java code, j=interpreted, Vv=VM code, C=native code)
C  [OpenAL64.dll+0x11066]
C  [OpenAL64.dll+0x1248f]
C  0x000001e585a7964e

Java frames: (J=compiled Java code, j=interpreted, Vv=VM code)
j  org.lwjgl.openal.ALC10.nalcCreateContext(JJ)J+0
j  org.lwjgl.openal.ALC10.alcCreateContext(Lorg/lwjgl/openal/ALCdevice;Ljava/nio/IntBuffer;)Lorg/lwjgl/openal/ALCcontext;+8
j  org.lwjgl.openal.AL.init(Ljava/lang/String;IIZZ)V+69
j  org.lwjgl.openal.AL.create(Ljava/lang/String;IIZZ)V+246
j  org.lwjgl.openal.AL.create(Ljava/lang/String;IIZ)V+5
j  org.lwjgl.openal.AL.create()V+6
j  com.badlogic.gdx.backends.lwjgl.audio.OpenALAudio.<init>(III)V+114
j  com.badlogic.gdx.backends.lwjgl.LwjglApplication.<init>(Lcom/badlogic/gdx/ApplicationListener;Lcom/badlogic/gdx/backends/lwjgl/LwjglApplicationConfiguration;Lcom/badlogic/gdx/backends/lwjgl/LwjglGraphics;)V+120
j  com.badlogic.gdx.backends.lwjgl.LwjglApplication.<init>(Lcom/badlogic/gdx/ApplicationListener;Lcom/badlogic/gdx/backends/lwjgl/LwjglApplicationConfiguration;)V+11
j  org.uqbar.project.wollok.game.gameboard.WollokGDXApplication.<init>(Lorg/uqbar/project/wollok/game/gameboard/Gameboard;Ljava/lang/Boolean;)V+17
j  org.uqbar.project.wollok.game.helpers.Application.start(Lorg/uqbar/project/wollok/game/gameboard/Gameboard;Ljava/lang/Boolean;)V+5
j  org.uqbar.project.wollok.game.gameboard.Gameboard.start(Ljava/lang/Boolean;)V+13
j  wollok.game.GameObject.doStart(Ljava/lang/Boolean;)V+12
v  ~StubRoutines::call_stub
j  sun.reflect.NativeMethodAccessorImpl.invoke0(Ljava/lang/reflect/Method;Ljava/lang/Object;[Ljava/lang/Object;)Ljava/lang/Object;+0
j  sun.reflect.NativeMethodAccessorImpl.invoke(Ljava/lang/Object;[Ljava/lang/Object;)Ljava/lang/Object;+100
J 2952 C1 sun.reflect.DelegatingMethodAccessorImpl.invoke(Ljava/lang/Object;[Ljava/lang/Object;)Ljava/lang/Object; (10 bytes) @ 0x000001e5865d388c [0x000001e5865d3780+0x10c]
J 2951 C1 java.lang.reflect.Method.invoke(Ljava/lang/Object;[Ljava/lang/Object;)Ljava/lang/Object; (62 bytes) @ 0x000001e5865d72f4 [0x000001e5865d6f00+0x3f4]
j  org.uqbar.project.wollok.ui.utils.XTendUtilExtensions.invokeConvertingArgs(Ljava/lang/reflect/Method;Ljava/lang/Object;[Ljava/lang/Object;)Lorg/uqbar/project/wollok/interpreter/core/WollokObject;+261
j  org.uqbar.project.wollok.interpreter.AbstractWollokCallable._invokeNative(Ljava/lang/Object;Ljava/lang/String;[Lorg/uqbar/project/wollok/interpreter/core/WollokObject;)Lorg/uqbar/project/wollok/interpreter/core/WollokObject;+41
j  org.uqbar.project.wollok.interpreter.AbstractWollokCallable.invokeNative(Ljava/lang/Object;Ljava/lang/String;[Lorg/uqbar/project/wollok/interpreter/core/WollokObject;)Lorg/uqbar/project/wollok/interpreter/core/WollokObject;+26
j  org.uqbar.project.wollok.interpreter.AbstractWollokCallable$1.apply()Lorg/uqbar/project/wollok/interpreter/core/WollokObject;+55
j  org.uqbar.project.wollok.interpreter.AbstractWollokCallable$1.apply()Ljava/lang/Object;+1
j  org.uqbar.project.wollok.interpreter.threads.WThread.performOnStack(Lorg/eclipse/emf/ecore/EObject;Lorg/uqbar/project/wollok/interpreter/context/EvaluationContext;Lorg/eclipse/xtext/xbase/lib/Functions$Function0;)Lorg/uqbar/project/wollok/interpreter/core/WollokObject;+29
j  org.uqbar.project.wollok.interpreter.WollokInterpreter.performOnStack(Lorg/eclipse/emf/ecore/EObject;Lorg/uqbar/project/wollok/interpreter/context/EvaluationContext;Lorg/eclipse/xtext/xbase/lib/Functions$Function0;)Lorg/uqbar/project/wollok/interpreter/core/WollokObject;+7
j  org.uqbar.project.wollok.interpreter.AbstractWollokCallable.call(Lorg/uqbar/project/wollok/wollokDsl/WMethodDeclaration;[Lorg/uqbar/project/wollok/interpreter/core/WollokObject;)Lorg/uqbar/project/wollok/interpreter/core/WollokObject;+38
j  org.uqbar.project.wollok.interpreter.core.WollokObject.call(Ljava/lang/String;[Lorg/uqbar/project/wollok/interpreter/core/WollokObject;)Lorg/uqbar/project/wollok/interpreter/core/WollokObject;+55
j  org.uqbar.project.wollok.interpreter.WollokInterpreterEvaluator._evaluate(Lorg/uqbar/project/wollok/wollokDsl/WFeatureCall;)Lorg/uqbar/project/wollok/interpreter/core/WollokObject;+119
J 3557 C1 org.uqbar.project.wollok.launch.WollokLauncherInterpreterEvaluator.evaluate(Lorg/eclipse/emf/ecore/EObject;)Lorg/uqbar/project/wollok/interpreter/core/WollokObject; (502 bytes) @ 0x000001e5867a02c4 [0x000001e58679c0e0+0x41e4]
J 3559 C1 org.uqbar.project.wollok.interpreter.WollokInterpreter.eval(Lorg/eclipse/emf/ecore/EObject;)Lorg/uqbar/project/wollok/interpreter/core/WollokObject; (190 bytes) @ 0x000001e586790ee4 [0x000001e586790480+0xa64]
j  org.uqbar.project.wollok.interpreter.WollokInterpreterEvaluator.eval(Lorg/eclipse/emf/ecore/EObject;)Lorg/uqbar/project/wollok/interpreter/core/WollokObject;+5
j  org.uqbar.project.wollok.interpreter.WollokInterpreterEvaluator$1.apply(Lorg/uqbar/project/wollok/interpreter/core/WollokObject;Lorg/eclipse/emf/ecore/EObject;)Lorg/uqbar/project/wollok/interpreter/core/WollokObject;+5
j  org.uqbar.project.wollok.interpreter.WollokInterpreterEvaluator$1.apply(Ljava/lang/Object;Ljava/lang/Object;)Ljava/lang/Object;+9
j  org.eclipse.xtext.xbase.lib.IteratorExtensions.fold(Ljava/util/Iterator;Ljava/lang/Object;Lorg/eclipse/xtext/xbase/lib/Functions$Function2;)Ljava/lang/Object;+19
j  org.eclipse.xtext.xbase.lib.IterableExtensions.fold(Ljava/lang/Iterable;Ljava/lang/Object;Lorg/eclipse/xtext/xbase/lib/Functions$Function2;)Ljava/lang/Object;+8
j  org.uqbar.project.wollok.interpreter.WollokInterpreterEvaluator.evalAll(Ljava/lang/Iterable;)Lorg/uqbar/project/wollok/interpreter/core/WollokObject;+12
j  org.uqbar.project.wollok.interpreter.WollokInterpreterEvaluator._evaluate(Lorg/uqbar/project/wollok/wollokDsl/WBlockExpression;)Lorg/uqbar/project/wollok/interpreter/core/WollokObject;+34
J 3557 C1 org.uqbar.project.wollok.launch.WollokLauncherInterpreterEvaluator.evaluate(Lorg/eclipse/emf/ecore/EObject;)Lorg/uqbar/project/wollok/interpreter/core/WollokObject; (502 bytes) @ 0x000001e5867a38e4 [0x000001e58679c0e0+0x7804]
J 3559 C1 org.uqbar.project.wollok.interpreter.WollokInterpreter.eval(Lorg/eclipse/emf/ecore/EObject;)Lorg/uqbar/project/wollok/interpreter/core/WollokObject; (190 bytes) @ 0x000001e586790ee4 [0x000001e586790480+0xa64]
j  org.uqbar.project.wollok.interpreter.AbstractWollokCallable.eval(Lorg/eclipse/emf/ecore/EObject;)Lorg/uqbar/project/wollok/interpreter/core/WollokObject;+5
j  org.uqbar.project.wollok.interpreter.AbstractWollokCallable$1.apply()Lorg/uqbar/project/wollok/interpreter/core/WollokObject;+110
j  org.uqbar.project.wollok.interpreter.AbstractWollokCallable$1.apply()Ljava/lang/Object;+1
j  org.uqbar.project.wollok.interpreter.threads.WThread.performOnStack(Lorg/eclipse/emf/ecore/EObject;Lorg/uqbar/project/wollok/interpreter/context/EvaluationContext;Lorg/eclipse/xtext/xbase/lib/Functions$Function0;)Lorg/uqbar/project/wollok/interpreter/core/WollokObject;+29
j  org.uqbar.project.wollok.interpreter.WollokInterpreter.performOnStack(Lorg/eclipse/emf/ecore/EObject;Lorg/uqbar/project/wollok/interpreter/context/EvaluationContext;Lorg/eclipse/xtext/xbase/lib/Functions$Function0;)Lorg/uqbar/project/wollok/interpreter/core/WollokObject;+7
j  org.uqbar.project.wollok.interpreter.AbstractWollokCallable.call(Lorg/uqbar/project/wollok/wollokDsl/WMethodDeclaration;[Lorg/uqbar/project/wollok/interpreter/core/WollokObject;)Lorg/uqbar/project/wollok/interpreter/core/WollokObject;+38
j  org.uqbar.project.wollok.interpreter.core.WollokObject.call(Ljava/lang/String;[Lorg/uqbar/project/wollok/interpreter/core/WollokObject;)Lorg/uqbar/project/wollok/interpreter/core/WollokObject;+55
j  org.uqbar.project.wollok.interpreter.WollokInterpreterEvaluator._evaluate(Lorg/uqbar/project/wollok/wollokDsl/WFeatureCall;)Lorg/uqbar/project/wollok/interpreter/core/WollokObject;+119
J 3557 C1 org.uqbar.project.wollok.launch.WollokLauncherInterpreterEvaluator.evaluate(Lorg/eclipse/emf/ecore/EObject;)Lorg/uqbar/project/wollok/interpreter/core/WollokObject; (502 bytes) @ 0x000001e5867a02c4 [0x000001e58679c0e0+0x41e4]
J 3559 C1 org.uqbar.project.wollok.interpreter.WollokInterpreter.eval(Lorg/eclipse/emf/ecore/EObject;)Lorg/uqbar/project/wollok/interpreter/core/WollokObject; (190 bytes) @ 0x000001e586790ee4 [0x000001e586790480+0xa64]
j  org.uqbar.project.wollok.interpreter.WollokInterpreterEvaluator.eval(Lorg/eclipse/emf/ecore/EObject;)Lorg/uqbar/project/wollok/interpreter/core/WollokObject;+5
j  org.uqbar.project.wollok.interpreter.WollokInterpreterEvaluator$1.apply(Lorg/uqbar/project/wollok/interpreter/core/WollokObject;Lorg/eclipse/emf/ecore/EObject;)Lorg/uqbar/project/wollok/interpreter/core/WollokObject;+5
j  org.uqbar.project.wollok.interpreter.WollokInterpreterEvaluator$1.apply(Ljava/lang/Object;Ljava/lang/Object;)Ljava/lang/Object;+9
j  org.eclipse.xtext.xbase.lib.IteratorExtensions.fold(Ljava/util/Iterator;Ljava/lang/Object;Lorg/eclipse/xtext/xbase/lib/Functions$Function2;)Ljava/lang/Object;+19
j  org.eclipse.xtext.xbase.lib.IterableExtensions.fold(Ljava/lang/Iterable;Ljava/lang/Object;Lorg/eclipse/xtext/xbase/lib/Functions$Function2;)Ljava/lang/Object;+8
j  org.uqbar.project.wollok.interpreter.WollokInterpreterEvaluator.evalAll(Ljava/lang/Iterable;)Lorg/uqbar/project/wollok/interpreter/core/WollokObject;+12
j  org.uqbar.project.wollok.interpreter.WollokInterpreterEvaluator._evaluate(Lorg/uqbar/project/wollok/wollokDsl/WBlockExpression;)Lorg/uqbar/project/wollok/interpreter/core/WollokObject;+34
j  org.uqbar.project.wollok.launch.WollokLauncherInterpreterEvaluator.evaluate(Lorg/eclipse/emf/ecore/EObject;)Lorg/uqbar/project/wollok/interpreter/core/WollokObject;+76
j  org.uqbar.project.wollok.interpreter.WollokInterpreterEvaluator.evaluate(Lorg/eclipse/emf/ecore/EObject;)Ljava/lang/Object;+2
j  org.uqbar.project.wollok.interpreter.WollokInterpreter.eval(Lorg/eclipse/emf/ecore/EObject;)Lorg/uqbar/project/wollok/interpreter/core/WollokObject;+63
j  org.uqbar.project.wollok.interpreter.AbstractWollokCallable.eval(Lorg/eclipse/emf/ecore/EObject;)Lorg/uqbar/project/wollok/interpreter/core/WollokObject;+5
j  org.uqbar.project.wollok.interpreter.AbstractWollokCallable$1.apply()Lorg/uqbar/project/wollok/interpreter/core/WollokObject;+110
j  org.uqbar.project.wollok.interpreter.AbstractWollokCallable$1.apply()Ljava/lang/Object;+1
j  org.uqbar.project.wollok.interpreter.threads.WThread.performOnStack(Lorg/eclipse/emf/ecore/EObject;Lorg/uqbar/project/wollok/interpreter/context/EvaluationContext;Lorg/eclipse/xtext/xbase/lib/Functions$Function0;)Lorg/uqbar/project/wollok/interpreter/core/WollokObject;+29
j  org.uqbar.project.wollok.interpreter.WollokInterpreter.performOnStack(Lorg/eclipse/emf/ecore/EObject;Lorg/uqbar/project/wollok/interpreter/context/EvaluationContext;Lorg/eclipse/xtext/xbase/lib/Functions$Function0;)Lorg/uqbar/project/wollok/interpreter/core/WollokObject;+7
j  org.uqbar.project.wollok.interpreter.AbstractWollokCallable.call(Lorg/uqbar/project/wollok/wollokDsl/WMethodDeclaration;[Lorg/uqbar/project/wollok/interpreter/core/WollokObject;)Lorg/uqbar/project/wollok/interpreter/core/WollokObject;+38
j  org.uqbar.project.wollok.interpreter.core.WollokObject.call(Ljava/lang/String;[Lorg/uqbar/project/wollok/interpreter/core/WollokObject;)Lorg/uqbar/project/wollok/interpreter/core/WollokObject;+55
j  org.uqbar.project.wollok.interpreter.WollokInterpreterEvaluator._evaluate(Lorg/uqbar/project/wollok/wollokDsl/WFeatureCall;)Lorg/uqbar/project/wollok/interpreter/core/WollokObject;+119
j  org.uqbar.project.wollok.launch.WollokLauncherInterpreterEvaluator.evaluate(Lorg/eclipse/emf/ecore/EObject;)Lorg/uqbar/project/wollok/interpreter/core/WollokObject;+412
j  org.uqbar.project.wollok.interpreter.WollokInterpreterEvaluator.evaluate(Lorg/eclipse/emf/ecore/EObject;)Ljava/lang/Object;+2
j  org.uqbar.project.wollok.interpreter.WollokInterpreter.eval(Lorg/eclipse/emf/ecore/EObject;)Lorg/uqbar/project/wollok/interpreter/core/WollokObject;+63
j  org.uqbar.project.wollok.interpreter.WollokInterpreterEvaluator.eval(Lorg/eclipse/emf/ecore/EObject;)Lorg/uqbar/project/wollok/interpreter/core/WollokObject;+5
j  org.uqbar.project.wollok.interpreter.WollokInterpreterEvaluator$1.apply(Lorg/uqbar/project/wollok/interpreter/core/WollokObject;Lorg/eclipse/emf/ecore/EObject;)Lorg/uqbar/project/wollok/interpreter/core/WollokObject;+5
j  org.uqbar.project.wollok.interpreter.WollokInterpreterEvaluator$1.apply(Ljava/lang/Object;Ljava/lang/Object;)Ljava/lang/Object;+9
j  org.eclipse.xtext.xbase.lib.IteratorExtensions.fold(Ljava/util/Iterator;Ljava/lang/Object;Lorg/eclipse/xtext/xbase/lib/Functions$Function2;)Ljava/lang/Object;+19
j  org.eclipse.xtext.xbase.lib.IterableExtensions.fold(Ljava/lang/Iterable;Ljava/lang/Object;Lorg/eclipse/xtext/xbase/lib/Functions$Function2;)Ljava/lang/Object;+8
j  org.uqbar.project.wollok.interpreter.WollokInterpreterEvaluator.evalAll(Ljava/lang/Iterable;)Lorg/uqbar/project/wollok/interpreter/core/WollokObject;+12
j  org.uqbar.project.wollok.interpreter.WollokInterpreterEvaluator._evaluate(Lorg/uqbar/project/wollok/wollokDsl/WProgram;)Lorg/uqbar/project/wollok/interpreter/core/WollokObject;+18
j  org.uqbar.project.wollok.launch.WollokLauncherInterpreterEvaluator.evaluate(Lorg/eclipse/emf/ecore/EObject;)Lorg/uqbar/project/wollok/interpreter/core/WollokObject;+444
j  org.uqbar.project.wollok.interpreter.WollokInterpreterEvaluator.evaluate(Lorg/eclipse/emf/ecore/EObject;)Ljava/lang/Object;+2
j  org.uqbar.project.wollok.interpreter.WollokInterpreter.eval(Lorg/eclipse/emf/ecore/EObject;)Lorg/uqbar/project/wollok/interpreter/core/WollokObject;+63
j  org.uqbar.project.wollok.interpreter.WollokInterpreterEvaluator.eval(Lorg/eclipse/emf/ecore/EObject;)Lorg/uqbar/project/wollok/interpreter/core/WollokObject;+5
j  org.uqbar.project.wollok.launch.WollokLauncherInterpreterEvaluator._evaluate(Lorg/uqbar/project/wollok/wollokDsl/WFile;)Lorg/uqbar/project/wollok/interpreter/core/WollokObject;+32
j  org.uqbar.project.wollok.launch.WollokLauncherInterpreterEvaluator.evaluate(Lorg/eclipse/emf/ecore/EObject;)Lorg/uqbar/project/wollok/interpreter/core/WollokObject;+428
j  org.uqbar.project.wollok.interpreter.WollokInterpreterEvaluator.evaluate(Lorg/eclipse/emf/ecore/EObject;)Ljava/lang/Object;+2
j  org.uqbar.project.wollok.interpreter.WollokInterpreter.interpret(Lorg/eclipse/emf/ecore/EObject;Ljava/lang/Boolean;)Lorg/uqbar/project/wollok/interpreter/core/WollokObject;+25
j  org.uqbar.project.wollok.interpreter.WollokInterpreter.interpret(Lorg/eclipse/emf/ecore/EObject;)Lorg/uqbar/project/wollok/interpreter/core/WollokObject;+8
j  org.uqbar.project.wollok.launch.WollokLauncher.doSomething(Lorg/uqbar/project/wollok/wollokDsl/WFile;Lcom/google/inject/Injector;Ljava/io/File;Lorg/uqbar/project/wollok/launch/WollokLauncherParameters;)V+109
j  org.uqbar.project.wollok.launch.WollokChecker.launch(Ljava/lang/String;Lorg/uqbar/project/wollok/launch/WollokLauncherParameters;)V+31
j  org.uqbar.project.wollok.launch.WollokChecker.doMain([Ljava/lang/String;)V+205
j  org.uqbar.project.wollok.launch.WollokLauncher.main([Ljava/lang/String;)V+8
v  ~StubRoutines::call_stub

---------------  P R O C E S S  ---------------

Java Threads: ( => current thread )
  0x000001e5a245b800 JavaThread "com.google.inject.internal.util.$Finalizer" daemon [_thread_blocked, id=19256, stack(0x0000002d6a400000,0x0000002d6a500000)]
  0x000001e5a2545800 JavaThread "EMF Reference Cleaner" daemon [_thread_blocked, id=27208, stack(0x0000002d6a300000,0x0000002d6a400000)]
  0x000001e5a166b800 JavaThread "Service Thread" daemon [_thread_blocked, id=13332, stack(0x0000002d6a100000,0x0000002d6a200000)]
  0x000001e5a15f1800 JavaThread "C1 CompilerThread11" daemon [_thread_blocked, id=25812, stack(0x0000002d6a000000,0x0000002d6a100000)]
  0x000001e5a15f5000 JavaThread "C1 CompilerThread10" daemon [_thread_blocked, id=12896, stack(0x0000002d69f00000,0x0000002d6a000000)]
  0x000001e5a15f6000 JavaThread "C1 CompilerThread9" daemon [_thread_blocked, id=1960, stack(0x0000002d69e00000,0x0000002d69f00000)]
  0x000001e5a15f0800 JavaThread "C1 CompilerThread8" daemon [_thread_blocked, id=29532, stack(0x0000002d69d00000,0x0000002d69e00000)]
  0x000001e5a15f4800 JavaThread "C2 CompilerThread7" daemon [_thread_blocked, id=25744, stack(0x0000002d69c00000,0x0000002d69d00000)]
  0x000001e5a15f3800 JavaThread "C2 CompilerThread6" daemon [_thread_blocked, id=19644, stack(0x0000002d69b00000,0x0000002d69c00000)]
  0x000001e5a15cf800 JavaThread "C2 CompilerThread5" daemon [_thread_blocked, id=19672, stack(0x0000002d69a00000,0x0000002d69b00000)]
  0x000001e5a159a000 JavaThread "C2 CompilerThread4" daemon [_thread_blocked, id=13040, stack(0x0000002d69900000,0x0000002d69a00000)]
  0x000001e5a158c000 JavaThread "C2 CompilerThread3" daemon [_thread_blocked, id=23008, stack(0x0000002d69800000,0x0000002d69900000)]
  0x000001e5a157f000 JavaThread "C2 CompilerThread2" daemon [_thread_blocked, id=25560, stack(0x0000002d69700000,0x0000002d69800000)]
  0x000001e5a157c800 JavaThread "C2 CompilerThread1" daemon [_thread_blocked, id=29880, stack(0x0000002d69600000,0x0000002d69700000)]
  0x000001e5a1582800 JavaThread "C2 CompilerThread0" daemon [_thread_blocked, id=22428, stack(0x0000002d69500000,0x0000002d69600000)]
  0x000001e5a156c000 JavaThread "Attach Listener" daemon [_thread_blocked, id=9792, stack(0x0000002d69400000,0x0000002d69500000)]
  0x000001e5a1569800 JavaThread "Signal Dispatcher" daemon [_thread_blocked, id=14248, stack(0x0000002d69300000,0x0000002d69400000)]
  0x000001e5a1546800 JavaThread "Finalizer" daemon [_thread_blocked, id=12296, stack(0x0000002d69200000,0x0000002d69300000)]
  0x000001e5a1540800 JavaThread "Reference Handler" daemon [_thread_blocked, id=9516, stack(0x0000002d69100000,0x0000002d69200000)]
=>0x000001e583e88000 JavaThread "main" [_thread_in_native, id=21924, stack(0x0000002d68200000,0x0000002d68300000)]

Other Threads:
  0x000001e59e94e000 VMThread [stack: 0x0000002d69000000,0x0000002d69100000] [id=14668]
  0x000001e5a166d800 WatcherThread [stack: 0x0000002d6a200000,0x0000002d6a300000] [id=26992]

VM state:not at safepoint (normal execution)

VM Mutex/Monitor currently owned by a thread: None

heap address: 0x00000006cc000000, size: 3904 MB, Compressed Oops mode: Zero based, Oop shift amount: 3
Narrow klass base: 0x0000000000000000, Narrow klass shift: 3
Compressed class space size: 1073741824 Address: 0x00000007c0000000

Heap:
 PSYoungGen      total 135168K, used 5858K [0x000000076eb00000, 0x000000077f300000, 0x00000007c0000000)
  eden space 124928K, 4% used [0x000000076eb00000,0x000000076f0b8be8,0x0000000776500000)
  from space 10240K, 0% used [0x0000000776500000,0x0000000776500000,0x0000000776f00000)
  to   space 10240K, 0% used [0x000000077e900000,0x000000077e900000,0x000000077f300000)
 ParOldGen       total 134656K, used 26504K [0x00000006cc000000, 0x00000006d4380000, 0x000000076eb00000)
  object space 134656K, 19% used [0x00000006cc000000,0x00000006cd9e2070,0x00000006d4380000)
 Metaspace       used 21397K, capacity 21696K, committed 21936K, reserved 1069056K
  class space    used 2687K, capacity 2780K, committed 2816K, reserved 1048576K

Card table byte_map: [0x000001e594e20000,0x000001e5955d0000] byte_map_base: 0x000001e5917c0000

Marking Bits: (ParMarkBitMap*) 0x000000006c072850
 Begin Bits: [0x000001e595af0000, 0x000001e5997f0000)
 End Bits:   [0x000001e5997f0000, 0x000001e59d4f0000)

Polling page: 0x000001e584180000

CodeCache: size=245760Kb used=14065Kb max_used=14065Kb free=231694Kb
 bounds [0x000001e585a60000, 0x000001e586830000, 0x000001e594a60000]
 total_blobs=4105 nmethods=3659 adapters=354
 compilation: enabled

Compilation events (10 events):
Event: 3.068 Thread 0x000001e5a15f5000 nmethod 3651 0x000001e5867d56d0 code [0x000001e5867d5960, 0x000001e5867d6960]
Event: 3.069 Thread 0x000001e5a15f1800 nmethod 3644 0x000001e58681ec90 code [0x000001e58681f200, 0x000001e586822df0]
Event: 3.075 Thread 0x000001e5a15f0800 3655       3       java.io.FileInputStream::read (9 bytes)
Event: 3.075 Thread 0x000001e5a15f0800 nmethod 3655 0x000001e5867d4f10 code [0x000001e5867d5080, 0x000001e5867d5210]
Event: 3.084 Thread 0x000001e5a15f6000 3656       3       java.nio.DirectByteBuffer::put (18 bytes)
Event: 3.084 Thread 0x000001e5a15f5000 3657       3       java.nio.DirectByteBuffer::ix (10 bytes)
Event: 3.085 Thread 0x000001e5a15f5000 nmethod 3657 0x000001e5867d4610 code [0x000001e5867d4760, 0x000001e5867d48b8]
Event: 3.085 Thread 0x000001e5a15f6000 nmethod 3656 0x000001e5867d4110 code [0x000001e5867d4280, 0x000001e5867d44f8]
Event: 3.085 Thread 0x000001e5a15f6000 3659       1       java.nio.DirectByteBuffer::ix (10 bytes)
Event: 3.085 Thread 0x000001e5a15f6000 nmethod 3659 0x000001e5867d3e50 code [0x000001e5867d3fa0, 0x000001e5867d40b8]

GC Heap History (8 events):
Event: 1.095 GC heap before
{Heap before GC invocations=1 (full 0):
 PSYoungGen      total 72704K, used 62464K [0x000000076eb00000, 0x0000000773c00000, 0x00000007c0000000)
  eden space 62464K, 100% used [0x000000076eb00000,0x0000000772800000,0x0000000772800000)
  from space 10240K, 0% used [0x0000000773200000,0x0000000773200000,0x0000000773c00000)
  to   space 10240K, 0% used [0x0000000772800000,0x0000000772800000,0x0000000773200000)
 ParOldGen       total 166912K, used 0K [0x00000006cc000000, 0x00000006d6300000, 0x000000076eb00000)
  object space 166912K, 0% used [0x00000006cc000000,0x00000006cc000000,0x00000006d6300000)
 Metaspace       used 8638K, capacity 8808K, committed 9088K, reserved 1056768K
  class space    used 1029K, capacity 1076K, committed 1152K, reserved 1048576K
Event: 1.107 GC heap after
Heap after GC invocations=1 (full 0):
 PSYoungGen      total 72704K, used 10231K [0x000000076eb00000, 0x0000000777900000, 0x00000007c0000000)
  eden space 62464K, 0% used [0x000000076eb00000,0x000000076eb00000,0x0000000772800000)
  from space 10240K, 99% used [0x0000000772800000,0x00000007731fdeb8,0x0000000773200000)
  to   space 10240K, 0% used [0x0000000776f00000,0x0000000776f00000,0x0000000777900000)
 ParOldGen       total 166912K, used 3523K [0x00000006cc000000, 0x00000006d6300000, 0x000000076eb00000)
  object space 166912K, 2% used [0x00000006cc000000,0x00000006cc370e18,0x00000006d6300000)
 Metaspace       used 8638K, capacity 8808K, committed 9088K, reserved 1056768K
  class space    used 1029K, capacity 1076K, committed 1152K, reserved 1048576K
}
Event: 1.763 GC heap before
{Heap before GC invocations=2 (full 0):
 PSYoungGen      total 72704K, used 72695K [0x000000076eb00000, 0x0000000777900000, 0x00000007c0000000)
  eden space 62464K, 100% used [0x000000076eb00000,0x0000000772800000,0x0000000772800000)
  from space 10240K, 99% used [0x0000000772800000,0x00000007731fdeb8,0x0000000773200000)
  to   space 10240K, 0% used [0x0000000776f00000,0x0000000776f00000,0x0000000777900000)
 ParOldGen       total 166912K, used 3523K [0x00000006cc000000, 0x00000006d6300000, 0x000000076eb00000)
  object space 166912K, 2% used [0x00000006cc000000,0x00000006cc370e18,0x00000006d6300000)
 Metaspace       used 14230K, capacity 14372K, committed 14464K, reserved 1062912K
  class space    used 1801K, capacity 1854K, committed 1920K, reserved 1048576K
Event: 1.776 GC heap after
Heap after GC invocations=2 (full 0):
 PSYoungGen      total 135168K, used 10208K [0x000000076eb00000, 0x0000000777900000, 0x00000007c0000000)
  eden space 124928K, 0% used [0x000000076eb00000,0x000000076eb00000,0x0000000776500000)
  from space 10240K, 99% used [0x0000000776f00000,0x00000007778f8030,0x0000000777900000)
  to   space 10240K, 0% used [0x0000000776500000,0x0000000776500000,0x0000000776f00000)
 ParOldGen       total 166912K, used 12612K [0x00000006cc000000, 0x00000006d6300000, 0x000000076eb00000)
  object space 166912K, 7% used [0x00000006cc000000,0x00000006ccc51258,0x00000006d6300000)
 Metaspace       used 14230K, capacity 14372K, committed 14464K, reserved 1062912K
  class space    used 1801K, capacity 1854K, committed 1920K, reserved 1048576K
}
Event: 2.819 GC heap before
{Heap before GC invocations=3 (full 0):
 PSYoungGen      total 135168K, used 76463K [0x000000076eb00000, 0x0000000777900000, 0x00000007c0000000)
  eden space 124928K, 53% used [0x000000076eb00000,0x0000000772bb3dc8,0x0000000776500000)
  from space 10240K, 99% used [0x0000000776f00000,0x00000007778f8030,0x0000000777900000)
  to   space 10240K, 0% used [0x0000000776500000,0x0000000776500000,0x0000000776f00000)
 ParOldGen       total 166912K, used 12612K [0x00000006cc000000, 0x00000006d6300000, 0x000000076eb00000)
  object space 166912K, 7% used [0x00000006cc000000,0x00000006ccc51258,0x00000006d6300000)
 Metaspace       used 20914K, capacity 21152K, committed 21296K, reserved 1069056K
  class space    used 2623K, capacity 2684K, committed 2688K, reserved 1048576K
Event: 2.833 GC heap after
Heap after GC invocations=3 (full 0):
 PSYoungGen      total 135168K, used 10226K [0x000000076eb00000, 0x000000077f300000, 0x00000007c0000000)
  eden space 124928K, 0% used [0x000000076eb00000,0x000000076eb00000,0x0000000776500000)
  from space 10240K, 99% used [0x0000000776500000,0x0000000776efc8d8,0x0000000776f00000)
  to   space 10240K, 0% used [0x000000077e900000,0x000000077e900000,0x000000077f300000)
 ParOldGen       total 166912K, used 20623K [0x00000006cc000000, 0x00000006d6300000, 0x000000076eb00000)
  object space 166912K, 12% used [0x00000006cc000000,0x00000006cd423df0,0x00000006d6300000)
 Metaspace       used 20914K, capacity 21152K, committed 21296K, reserved 1069056K
  class space    used 2623K, capacity 2684K, committed 2688K, reserved 1048576K
}
Event: 2.833 GC heap before
{Heap before GC invocations=4 (full 1):
 PSYoungGen      total 135168K, used 10226K [0x000000076eb00000, 0x000000077f300000, 0x00000007c0000000)
  eden space 124928K, 0% used [0x000000076eb00000,0x000000076eb00000,0x0000000776500000)
  from space 10240K, 99% used [0x0000000776500000,0x0000000776efc8d8,0x0000000776f00000)
  to   space 10240K, 0% used [0x000000077e900000,0x000000077e900000,0x000000077f300000)
 ParOldGen       total 166912K, used 20623K [0x00000006cc000000, 0x00000006d6300000, 0x000000076eb00000)
  object space 166912K, 12% used [0x00000006cc000000,0x00000006cd423df0,0x00000006d6300000)
 Metaspace       used 20914K, capacity 21152K, committed 21296K, reserved 1069056K
  class space    used 2623K, capacity 2684K, committed 2688K, reserved 1048576K
Event: 2.881 GC heap after
Heap after GC invocations=4 (full 1):
 PSYoungGen      total 135168K, used 0K [0x000000076eb00000, 0x000000077f300000, 0x00000007c0000000)
  eden space 124928K, 0% used [0x000000076eb00000,0x000000076eb00000,0x0000000776500000)
  from space 10240K, 0% used [0x0000000776500000,0x0000000776500000,0x0000000776f00000)
  to   space 10240K, 0% used [0x000000077e900000,0x000000077e900000,0x000000077f300000)
 ParOldGen       total 134656K, used 26504K [0x00000006cc000000, 0x00000006d4380000, 0x000000076eb00000)
  object space 134656K, 19% used [0x00000006cc000000,0x00000006cd9e2070,0x00000006d4380000)
 Metaspace       used 20914K, capacity 21152K, committed 21296K, reserved 1069056K
  class space    used 2623K, capacity 2684K, committed 2688K, reserved 1048576K
}

Deoptimization events (10 events):
Event: 2.415 Thread 0x000001e583e88000 Uncommon trap: reason=unstable_if action=reinterpret pc=0x000001e58645b7cc method=java.util.HashMap.computeIfAbsent(Ljava/lang/Object;Ljava/util/function/Function;)Ljava/lang/Object; @ 44
Event: 2.430 Thread 0x000001e583e88000 Uncommon trap: reason=class_check action=maybe_recompile pc=0x000001e5863eaf88 method=org.eclipse.xtext.nodemodel.impl.NodeModelBuilder.addChild(Lorg/eclipse/xtext/nodemodel/ICompositeNode;Lorg/eclipse/xtext/nodemodel/impl/AbstractNode;)V @ 6
Event: 2.432 Thread 0x000001e583e88000 Uncommon trap: reason=unstable_if action=reinterpret pc=0x000001e58653fe88 method=sun.nio.cs.UTF_8$Decoder.decodeArrayLoop(Ljava/nio/ByteBuffer;Ljava/nio/CharBuffer;)Ljava/nio/charset/CoderResult; @ 84
Event: 2.433 Thread 0x000001e583e88000 Uncommon trap: reason=class_check action=maybe_recompile pc=0x000001e5863ed218 method=org.eclipse.xtext.nodemodel.impl.NodeModelBuilder.addChild(Lorg/eclipse/xtext/nodemodel/ICompositeNode;Lorg/eclipse/xtext/nodemodel/impl/AbstractNode;)V @ 6
Event: 2.439 Thread 0x000001e583e88000 Uncommon trap: reason=unstable_if action=reinterpret pc=0x000001e586502d0c method=sun.nio.cs.UTF_8$Decoder.decodeArrayLoop(Ljava/nio/ByteBuffer;Ljava/nio/CharBuffer;)Ljava/nio/charset/CoderResult; @ 84
Event: 2.550 Thread 0x000001e583e88000 Uncommon trap: reason=unstable_if action=reinterpret pc=0x000001e58613b6e8 method=java.util.concurrent.ConcurrentHashMap.putVal(Ljava/lang/Object;Ljava/lang/Object;Z)Ljava/lang/Object; @ 181
Event: 2.701 Thread 0x000001e583e88000 Uncommon trap: reason=unstable_if action=reinterpret pc=0x000001e586646014 method=org.uqbar.project.wollok.wollokDsl.impl.WMemberFeatureCallImpl.eIsSet(I)Z @ 104
Event: 2.811 Thread 0x000001e583e88000 Uncommon trap: reason=unstable_if action=reinterpret pc=0x000001e5866f1294 method=java.io.WinNTFileSystem.normalize(Ljava/lang/String;)Ljava/lang/String; @ 49
Event: 2.889 Thread 0x000001e583e88000 Uncommon trap: reason=unstable_if action=reinterpret pc=0x000001e58627d488 method=sun.security.provider.DigestBase.engineUpdate([BII)V @ 1
Event: 3.061 Thread 0x000001e583e88000 Uncommon trap: reason=unstable_if action=reinterpret pc=0x000001e585dda4dc method=java.lang.ThreadLocal$ThreadLocalMap.getEntry(Ljava/lang/ThreadLocal;)Ljava/lang/ThreadLocal$ThreadLocalMap$Entry; @ 29

Classes redefined (0 events):
No events

Internal exceptions (10 events):
Event: 2.574 Thread 0x000001e583e88000 Exception <a 'java/lang/reflect/InvocationTargetException'> (0x0000000771714778) thrown at [J:\jenkins\tmp\workspace\build\src\hotspot\src\share\vm\runtime\reflection.cpp, line 1092]
Event: 2.671 Thread 0x000001e583e88000 Exception <a 'java/lang/reflect/InvocationTargetException'> (0x0000000771daf4e0) thrown at [J:\jenkins\tmp\workspace\build\src\hotspot\src\share\vm\runtime\reflection.cpp, line 1092]
Event: 2.672 Thread 0x000001e583e88000 Exception <a 'java/lang/reflect/InvocationTargetException'> (0x0000000771dc83b0) thrown at [J:\jenkins\tmp\workspace\build\src\hotspot\src\share\vm\runtime\reflection.cpp, line 1092]
Event: 2.673 Thread 0x000001e583e88000 Exception <a 'java/lang/reflect/InvocationTargetException'> (0x0000000771de3ad8) thrown at [J:\jenkins\tmp\workspace\build\src\hotspot\src\share\vm\runtime\reflection.cpp, line 1092]
Event: 3.093 Thread 0x000001e583e88000 Exception <a 'java/security/PrivilegedActionException'> (0x000000076ec7fc18) thrown at [J:\jenkins\tmp\workspace\build\src\hotspot\src\share\vm\prims\jvm.cpp, line 1524]
Event: 3.094 Thread 0x000001e583e88000 Exception <a 'java/security/PrivilegedActionException'> (0x000000076ec81148) thrown at [J:\jenkins\tmp\workspace\build\src\hotspot\src\share\vm\prims\jvm.cpp, line 1524]
Event: 3.094 Thread 0x000001e583e88000 Exception <a 'java/security/PrivilegedActionException'> (0x000000076ec82578) thrown at [J:\jenkins\tmp\workspace\build\src\hotspot\src\share\vm\prims\jvm.cpp, line 1524]
Event: 3.094 Thread 0x000001e583e88000 Exception <a 'java/security/PrivilegedActionException'> (0x000000076ec83c38) thrown at [J:\jenkins\tmp\workspace\build\src\hotspot\src\share\vm\prims\jvm.cpp, line 1524]
Event: 3.094 Thread 0x000001e583e88000 Exception <a 'java/security/PrivilegedActionException'> (0x000000076ec85030) thrown at [J:\jenkins\tmp\workspace\build\src\hotspot\src\share\vm\prims\jvm.cpp, line 1524]
Event: 3.094 Thread 0x000001e583e88000 Exception <a 'java/security/PrivilegedActionException'> (0x000000076ec863f8) thrown at [J:\jenkins\tmp\workspace\build\src\hotspot\src\share\vm\prims\jvm.cpp, line 1524]

Events (10 events):
Event: 3.124 loading class org/lwjgl/openal/ALCdevice
Event: 3.124 loading class org/lwjgl/openal/ALCdevice done
Event: 3.125 loading class org/lwjgl/openal/ALCcontext
Event: 3.125 loading class org/lwjgl/openal/ALCcontext done
Event: 3.125 loading class java/nio/DirectIntBufferU
Event: 3.125 loading class java/nio/DirectIntBufferU done
Event: 3.126 loading class org/lwjgl/openal/Util
Event: 3.126 loading class org/lwjgl/openal/Util done
Event: 3.126 loading class org/lwjgl/openal/OpenALException
Event: 3.126 loading class org/lwjgl/openal/OpenALException done


Dynamic libraries:
0x00007ff62be00000 - 0x00007ff62be3a000 	C:\Program Files\Eclipse Adoptium\jdk-8.0.345.1-hotspot\bin\javaw.exe
0x00007fff39250000 - 0x00007fff39464000 	C:\WINDOWS\SYSTEM32\ntdll.dll
0x00007fff38000000 - 0x00007fff380c2000 	C:\WINDOWS\System32\KERNEL32.DLL
0x00007fff368c0000 - 0x00007fff36c5c000 	C:\WINDOWS\System32\KERNELBASE.dll
0x00007fff38d70000 - 0x00007fff38e1e000 	C:\WINDOWS\System32\ADVAPI32.dll
0x00007fff38e20000 - 0x00007fff38ec7000 	C:\WINDOWS\System32\msvcrt.dll
0x00007fff38100000 - 0x00007fff381a4000 	C:\WINDOWS\System32\sechost.dll
0x00007fff38f50000 - 0x00007fff39065000 	C:\WINDOWS\System32\RPCRT4.dll
0x00007fff38b60000 - 0x00007fff38d0a000 	C:\WINDOWS\System32\USER32.dll
0x00007fff37020000 - 0x00007fff37046000 	C:\WINDOWS\System32\win32u.dll
0x00007fff377a0000 - 0x00007fff377c9000 	C:\WINDOWS\System32\GDI32.dll
0x00007fff367a0000 - 0x00007fff368b2000 	C:\WINDOWS\System32\gdi32full.dll
0x00007fff36680000 - 0x00007fff3671a000 	C:\WINDOWS\System32\msvcp_win.dll
0x00007fff36c60000 - 0x00007fff36d71000 	C:\WINDOWS\System32\ucrtbase.dll
0x00007fff1d0a0000 - 0x00007fff1d32e000 	C:\WINDOWS\WinSxS\amd64_microsoft.windows.common-controls_6595b64144ccf1df_6.0.22621.608_none_a9444ca7c10bb01d\COMCTL32.dll
0x00007fff38f10000 - 0x00007fff38f41000 	C:\WINDOWS\System32\IMM32.DLL
0x00007fff048e0000 - 0x00007fff049cf000 	C:\Program Files\Eclipse Adoptium\jdk-8.0.345.1-hotspot\jre\bin\msvcr120.dll
0x00007fff073c0000 - 0x00007fff07466000 	C:\Program Files\Eclipse Adoptium\jdk-8.0.345.1-hotspot\jre\bin\msvcp120.dll
0x000000006b880000 - 0x000000006c0f1000 	C:\Program Files\Eclipse Adoptium\jdk-8.0.345.1-hotspot\jre\bin\server\jvm.dll
0x00007fff380f0000 - 0x00007fff380f8000 	C:\WINDOWS\System32\PSAPI.DLL
0x00007fff1c9a0000 - 0x00007fff1c9a9000 	C:\WINDOWS\SYSTEM32\WSOCK32.dll
0x00007fff30820000 - 0x00007fff3082a000 	C:\WINDOWS\SYSTEM32\VERSION.dll
0x00007fff31c70000 - 0x00007fff31ca4000 	C:\WINDOWS\SYSTEM32\WINMM.dll
0x00007fff38ae0000 - 0x00007fff38b51000 	C:\WINDOWS\System32\WS2_32.dll
0x00007fff33660000 - 0x00007fff3366f000 	C:\Program Files\Eclipse Adoptium\jdk-8.0.345.1-hotspot\jre\bin\verify.dll
0x00007fff275a0000 - 0x00007fff275c9000 	C:\Program Files\Eclipse Adoptium\jdk-8.0.345.1-hotspot\jre\bin\java.dll
0x00007fff26e20000 - 0x00007fff26e36000 	C:\Program Files\Eclipse Adoptium\jdk-8.0.345.1-hotspot\jre\bin\zip.dll
0x00007fff38230000 - 0x00007fff38a0d000 	C:\WINDOWS\System32\SHELL32.dll
0x00007fff346f0000 - 0x00007fff34fa7000 	C:\WINDOWS\SYSTEM32\windows.storage.dll
0x00007fff371f0000 - 0x00007fff37579000 	C:\WINDOWS\System32\combase.dll
0x00007fff345b0000 - 0x00007fff346ed000 	C:\WINDOWS\SYSTEM32\wintypes.dll
0x00007fff376a0000 - 0x00007fff37791000 	C:\WINDOWS\System32\SHCORE.dll
0x00007fff37860000 - 0x00007fff378be000 	C:\WINDOWS\System32\shlwapi.dll
0x00007fff365b0000 - 0x00007fff365d1000 	C:\WINDOWS\SYSTEM32\profapi.dll
0x0000000065580000 - 0x0000000065616000 	C:\Users\gonza\AppData\Local\Temp\libgdxgonza\12dfaa03\gdx64.dll
0x00007fff35e90000 - 0x00007fff35eab000 	C:\WINDOWS\SYSTEM32\CRYPTSP.dll
0x00007fff35760000 - 0x00007fff35795000 	C:\WINDOWS\system32\rsaenh.dll
0x00007fff35d40000 - 0x00007fff35d68000 	C:\WINDOWS\SYSTEM32\USERENV.dll
0x00007fff36030000 - 0x00007fff36058000 	C:\WINDOWS\SYSTEM32\bcrypt.dll
0x00007fff36720000 - 0x00007fff3679b000 	C:\WINDOWS\System32\bcryptprimitives.dll
0x00007fff35eb0000 - 0x00007fff35ebc000 	C:\WINDOWS\SYSTEM32\CRYPTBASE.dll
0x00007fff262e0000 - 0x00007fff262fa000 	C:\Program Files\Eclipse Adoptium\jdk-8.0.345.1-hotspot\jre\bin\net.dll
0x00007fff35c50000 - 0x00007fff35cb9000 	C:\WINDOWS\system32\mswsock.dll
0x00007fff35270000 - 0x00007fff3529d000 	C:\WINDOWS\SYSTEM32\IPHLPAPI.DLL
0x00007fff38ed0000 - 0x00007fff38ed9000 	C:\WINDOWS\System32\NSI.dll
0x00007fff330c0000 - 0x00007fff330d9000 	C:\WINDOWS\SYSTEM32\dhcpcsvc6.DLL
0x00007fff330a0000 - 0x00007fff330bf000 	C:\WINDOWS\SYSTEM32\dhcpcsvc.DLL
0x00007fff352a0000 - 0x00007fff35392000 	C:\WINDOWS\SYSTEM32\DNSAPI.dll
0x00007fff25f70000 - 0x00007fff25f82000 	C:\Program Files\Eclipse Adoptium\jdk-8.0.345.1-hotspot\jre\bin\nio.dll
0x0000000180000000 - 0x0000000180053000 	C:\Users\gonza\AppData\Local\Temp\libgdxgonza\dc0f0009\lwjgl64.dll
0x00007ffef8360000 - 0x00007ffef8460000 	C:\WINDOWS\SYSTEM32\OPENGL32.dll
0x00007fff15850000 - 0x00007fff1587d000 	C:\WINDOWS\SYSTEM32\GLU32.dll
0x00007fff33b70000 - 0x00007fff33ba6000 	C:\WINDOWS\SYSTEM32\dxcore.dll
0x000001e59e6a0000 - 0x000001e59e704000 	C:\Users\gonza\AppData\Local\Temp\libgdxgonza\dc0f0009\OpenAL64.dll
0x00007fff39070000 - 0x00007fff3920c000 	C:\WINDOWS\System32\ole32.dll
0x00007fff357f0000 - 0x00007fff35808000 	C:\WINDOWS\SYSTEM32\kernel.appcore.dll
0x00007fff33880000 - 0x00007fff3392b000 	C:\WINDOWS\system32\uxtheme.dll
0x00007fff37050000 - 0x00007fff37107000 	C:\WINDOWS\System32\clbcatq.dll
0x00007ffee6680000 - 0x00007ffee6722000 	C:\WINDOWS\SYSTEM32\dsound.dll
0x00007ffee5c30000 - 0x00007ffee5ce1000 	C:\WINDOWS\SYSTEM32\ResampleDmo.DLL
0x00007fff355c0000 - 0x00007fff3560d000 	C:\WINDOWS\SYSTEM32\powrprof.dll
0x00007fff1f150000 - 0x00007fff1f179000 	C:\WINDOWS\SYSTEM32\winmmbase.dll
0x00007fff37110000 - 0x00007fff371e7000 	C:\WINDOWS\System32\OLEAUT32.dll
0x00007fff1ed40000 - 0x00007fff1ed4b000 	C:\WINDOWS\SYSTEM32\msdmo.dll
0x00007fff355a0000 - 0x00007fff355b3000 	C:\WINDOWS\SYSTEM32\UMPDC.dll
0x00007fff27190000 - 0x00007fff2722d000 	C:\WINDOWS\System32\MMDevApi.dll
0x00007fff36320000 - 0x00007fff3634c000 	C:\WINDOWS\System32\DEVOBJ.dll
0x00007fff36350000 - 0x00007fff3639f000 	C:\WINDOWS\SYSTEM32\cfgmgr32.dll
0x00007fff19630000 - 0x00007fff19814000 	C:\WINDOWS\SYSTEM32\AUDIOSES.DLL
0x00007fff34100000 - 0x00007fff3432e000 	C:\WINDOWS\SYSTEM32\dbghelp.dll

VM Arguments:
jvm_args: -Duser.language=es_AR -Dfile.encoding=UTF-8 
java_command: org.uqbar.project.wollok.launch.WollokLauncher -requestsPort 0 -eventsPort 0 -folder -dontValidate -wf src/juego.wpgm
java_class_path (initial): C:\Users\gonza\git\tpgame-losjabali\bin;C:\Users\gonza\Documents\wollok\plugins\com.ibm.icu_64.2.0.v20190507-1337.jar;C:\Users\gonza\Documents\wollok\plugins\org.eclipse.xtext_2.20.0.v20191202-0915.jar;C:\Users\gonza\Documents\wollok\plugins\org.eclipse.emf.ecore.xmi_2.16.0.v20190528-0725.jar;C:\Users\gonza\Documents\wollok\plugins\org.eclipse.emf.ecore_2.20.0.v20190920-0401.jar;C:\Users\gonza\Documents\wollok\plugins\org.eclipse.emf.common_2.17.0.v20190920-0401.jar;C:\Users\gonza\Documents\wollok\plugins\org.antlr.runtime_3.2.0.v201101311130.jar;C:\Users\gonza\Documents\wollok\plugins\com.google.inject_3.0.0.v201605172100.jar;C:\Users\gonza\Documents\wollok\plugins\org.eclipse.emf.mwe.core_1.5.1.v20191121-1148.jar;C:\Users\gonza\Documents\wollok\plugins\org.apache.commons.cli_1.2.0.v201404270220.jar;C:\Users\gonza\Documents\wollok\plugins\org.eclipse.emf.mwe2.runtime_2.11.1.v20191121-1148.jar;C:\Users\gonza\Documents\wollok\plugins\org.eclipse.emf.mwe.utils_1.5.1.v20191121-1148.jar;C:\Users\gonza\Documents\wollok\plugins\org.eclipse.xtext.util_2.20.0.v20191202-0915.jar;C:\Users\gonza\Documents\wollok\plugins\com.google.guava_27.1.0.v20190517-1946.jar;C:\Users\gonza\Documents\wollok\plugins\javax.inject_1.0.0.v20091030.jar;C:\Users\gonza\Documents\wollok\plugins\org.eclipse.xtext.generator_2.20.0.v20191202-0933.jar;C:\Users\gonza\Documents\wollok\plugins\org.eclipse.xtext.xtext.generator_2.20.0.v20191202-0915.jar;C:\Users\gonza\Documents\wollok\plugins\org.eclipse.xtext.xbase.lib_2.20.0.v20191202-0907.jar;C:\Users\gonza\Documents\wollok\plugins\org.eclipse.emf.codegen.ecore_2.20.0.v20191012-0918.jar;C:\Users\gonza\Documents\wollok\plugins\org.eclipse.emf.codegen_2.19.0.v20190821-1536.jar;C:\Users\gonza\Documents\wollok\plugins\org.eclipse.xtend_2.2.0.v201605260315.jar;C:\Users\gonza\Documents\wollok\plugins\org.eclipse.xpand_2.2.0.v201605260315.jar;C:\Users\gonza\Documents\wollok\plugins\org.eclipse.xtend.typesystem.emf_2.2.0.v2016052603
Launcher Type: SUN_STANDARD

Environment Variables:
PATH=C:/Program Files/Eclipse Adoptium/jdk-8.0.345.1-hotspot/bin/../jre/bin/server;C:/Program Files/Eclipse Adoptium/jdk-8.0.345.1-hotspot/bin/../jre/bin;C:/Program Files/Eclipse Adoptium/jdk-8.0.345.1-hotspot/bin/../jre/lib/amd64;C:\Program Files\Eclipse Adoptium\jdk-8.0.345.1-hotspot\bin;C:\Windows\system32;C:\Windows;C:\Windows\System32\Wbem;C:\Windows\System32\WindowsPowerShell\v1.0\;C:\Windows\System32\OpenSSH\;C:\Program Files\NVIDIA Corporation\NVIDIA NvDLISR;C:\Program Files (x86)\NVIDIA Corporation\PhysX\Common;C:\WINDOWS\system32;C:\WINDOWS;C:\WINDOWS\System32\Wbem;C:\WINDOWS\System32\WindowsPowerShell\v1.0\;C:\WINDOWS\System32\OpenSSH\;C:\Program Files\Git\cmd;C:\Users\gonza\AppData\Local\Microsoft\WindowsApps;;C:\Users\gonza\AppData\Local\Programs\Microsoft VS Code\bin;C:\Users\gonza\Documents\wollok;
USERNAME=gonza
OS=Windows_NT
PROCESSOR_IDENTIFIER=AMD64 Family 25 Model 68 Stepping 1, AuthenticAMD



---------------  S Y S T E M  ---------------

OS: Windows 10.0 , 64 bit Build 22621 (10.0.22621.608)

CPU:total 16 (initial active 16) (16 cores per cpu, 1 threads per core) family 25 model 68 stepping 1, cmov, cx8, fxsr, mmx, sse, sse2, sse3, ssse3, sse4.1, sse4.2, popcnt, avx, avx2, aes, clmul, mmxext, 3dnowpref, lzcnt, sse4a, tsc, tscinvbit, tscinv, bmi1

Memory: 4k page, physical 15984732k(8287628k free), swap 18737244k(5658276k free)

vm_info: OpenJDK 64-Bit Server VM (25.345-b01) for windows-amd64 JRE (1.8.0_345-b01), built on Aug  2 2022 10:16:38 by "jenkins" with MS VC++ 12.0 (VS2013)

time: Wed Oct 19 20:04:42 2022
timezone: Hora estándar de Argentina
elapsed time: 3.173902 seconds (0d 0h 0m 3s)

